app/build/outputs/logs/manifest-merger-debug-report.txt
-- Merging decision tree log ---
manifest
ADDED from AndroidManifest.xml:2:1
	package
		ADDED from AndroidManifest.xml:3:5
		INJECTED from AndroidManifest.xml:0:0
		INJECTED from AndroidManifest.xml:0:0
	android:versionName
		ADDED from AndroidManifest.xml:6:5
	android:versionCode
		ADDED from AndroidManifest.xml:5:5
		INJECTED from AndroidManifest.xml:0:0
		INJECTED from AndroidManifest.xml:0:0
	xmlns:android
		ADDED from AndroidManifest.xml:2:11
	android:installLocation
		ADDED from AndroidManifest.xml:4:5
compatible-screens
ADDED from AndroidManifest.xml:8:5
screen#large+ldpi
ADDED from AndroidManifest.xml:9:9
	android:screenDensity
		ADDED from AndroidManifest.xml:10:13
	android:screenSize
		ADDED from AndroidManifest.xml:11:13
screen#large+mdpi
ADDED from AndroidManifest.xml:12:9
	android:screenDensity
		ADDED from AndroidManifest.xml:13:13
	android:screenSize
		ADDED from AndroidManifest.xml:14:13
screen#large+hdpi
ADDED from AndroidManifest.xml:15:9
	android:screenDensity
		ADDED from AndroidManifest.xml:16:13
	android:screenSize
		ADDED from AndroidManifest.xml:17:13
screen#large+xhdpi
ADDED from AndroidManifest.xml:18:9
	android:screenDensity
		ADDED from AndroidManifest.xml:19:13
	android:screenSize
		ADDED from AndroidManifest.xml:20:13
screen#xlarge+ldpi
ADDED from AndroidManifest.xml:21:9
	android:screenDensity
		ADDED from AndroidManifest.xml:22:13
	android:screenSize
		ADDED from AndroidManifest.xml:23:13
screen#xlarge+mdpi
ADDED from AndroidManifest.xml:24:9
	android:screenDensity
		ADDED from AndroidManifest.xml:25:13
	android:screenSize
		ADDED from AndroidManifest.xml:26:13
screen#xlarge+hdpi
ADDED from AndroidManifest.xml:27:9
	android:screenDensity
		ADDED from AndroidManifest.xml:28:13
	android:screenSize
		ADDED from AndroidManifest.xml:29:13
screen#xlarge+xhdpi
ADDED from AndroidManifest.xml:30:9
	android:screenDensity
		ADDED from AndroidManifest.xml:31:13
	android:screenSize
		ADDED from AndroidManifest.xml:32:13
screen#large+213
ADDED from AndroidManifest.xml:35:9
	android:screenDensity
		ADDED from AndroidManifest.xml:36:13
	android:screenSize
		ADDED from AndroidManifest.xml:37:13
uses-permission#android.permission.INTERNET
ADDED from AndroidManifest.xml:40:5
	android:name
		ADDED from AndroidManifest.xml:40:22
uses-permission#android.permission.ACCESS_NETWORK_STATE
ADDED from AndroidManifest.xml:41:5
	android:name
		ADDED from AndroidManifest.xml:41:22
uses-permission#android.permission.WRITE_EXTERNAL_STORAGE
ADDED from AndroidManifest.xml:42:5
	android:name
		ADDED from AndroidManifest.xml:42:22
uses-permission#android.permission.BLUETOOTH
ADDED from AndroidManifest.xml:43:5
	android:name
		ADDED from AndroidManifest.xml:43:22
uses-permission#android.permission.BLUETOOTH_ADMIN
ADDED from AndroidManifest.xml:44:5
	android:name
		ADDED from AndroidManifest.xml:44:22
uses-permission#android.permission.RECORD_AUDIO
ADDED from AndroidManifest.xml:45:5
	android:name
		ADDED from AndroidManifest.xml:45:22
uses-permission#android.permission.BLUETOOTH_PRIVILEGED
ADDED from AndroidManifest.xml:46:5
	android:name
		ADDED from AndroidManifest.xml:46:22
uses-permission#android.permission.STORAGE
ADDED from AndroidManifest.xml:49:5
	android:name
		ADDED from AndroidManifest.xml:49:22
uses-permission#android.permission.READ_EXTERNAL_STORAGE
ADDED from AndroidManifest.xml:50:5
	android:name
		ADDED from AndroidManifest.xml:50:22
uses-feature#android.hardware.camera
ADDED from AndroidManifest.xml:53:5
	android:required
		ADDED from AndroidManifest.xml:55:9
	android:name
		ADDED from AndroidManifest.xml:54:9
uses-sdk
ADDED from AndroidManifest.xml:57:5
MERGED from com.diogobernardino:williamchart:2.0.1:6:5
MERGED from com.android.support:support-v4:21.0.3:15:5
MERGED from com.jjoe64:graphview:4.0.1:7:5
MERGED from com.android.support:support-v4:21.0.3:15:5
	android:targetSdkVersion
		ADDED from AndroidManifest.xml:59:9
		INJECTED from AndroidManifest.xml:0:0
		INJECTED from AndroidManifest.xml:0:0
	android:minSdkVersion
		ADDED from AndroidManifest.xml:58:9
		INJECTED from AndroidManifest.xml:0:0
		INJECTED from AndroidManifest.xml:0:0
application
ADDED from AndroidManifest.xml:61:5
MERGED from com.android.support:support-v4:21.0.3:16:5
MERGED from com.jjoe64:graphview:4.0.1:11:5
MERGED from com.android.support:support-v4:21.0.3:16:5
	android:clearTaskOnLaunch
		ADDED from AndroidManifest.xml:63:9
	android:label
		ADDED from AndroidManifest.xml:65:9
	android:icon
		ADDED from AndroidManifest.xml:64:9
	android:largeHeap
		ADDED from AndroidManifest.xml:66:9
	android:name
		ADDED from AndroidManifest.xml:62:9
activity#org.ei.telemedicine.view.activity.LoginActivity
ADDED from AndroidManifest.xml:67:9
	android:clearTaskOnLaunch
		ADDED from AndroidManifest.xml:69:13
	android:screenOrientation
		ADDED from AndroidManifest.xml:70:13
	android:windowSoftInputMode
		ADDED from AndroidManifest.xml:72:13
	android:theme
		ADDED from AndroidManifest.xml:71:13
	android:name
		ADDED from AndroidManifest.xml:68:13
intent-filter#android.intent.action.MAIN+android.intent.category.LAUNCHER
ADDED from AndroidManifest.xml:73:13
action#android.intent.action.MAIN
ADDED from AndroidManifest.xml:74:17
	android:name
		ADDED from AndroidManifest.xml:74:25
category#android.intent.category.LAUNCHER
ADDED from AndroidManifest.xml:76:17
	android:name
		ADDED from AndroidManifest.xml:76:27
activity#org.ei.telemedicine.view.activity.HomeActivity
ADDED from AndroidManifest.xml:79:9
	android:screenOrientation
		ADDED from AndroidManifest.xml:81:13
	android:name
		ADDED from AndroidManifest.xml:80:13
activity#org.ei.telemedicine.view.activity.ReportsActivity
ADDED from AndroidManifest.xml:82:9
	android:screenOrientation
		ADDED from AndroidManifest.xml:84:13
	android:theme
		ADDED from AndroidManifest.xml:85:13
	android:name
		ADDED from AndroidManifest.xml:83:13
activity#org.ei.telemedicine.view.activity.VideosActivity
ADDED from AndroidManifest.xml:86:9
	android:screenOrientation
		ADDED from AndroidManifest.xml:88:13
	android:theme
		ADDED from AndroidManifest.xml:89:13
	android:name
		ADDED from AndroidManifest.xml:87:13
activity#org.ei.telemedicine.view.activity.ReportIndicatorListViewActivity
ADDED from AndroidManifest.xml:90:9
	android:screenOrientation
		ADDED from AndroidManifest.xml:92:13
	android:theme
		ADDED from AndroidManifest.xml:93:13
	android:name
		ADDED from AndroidManifest.xml:91:13
activity#org.ei.telemedicine.view.activity.ReportIndicatorDetailActivity
ADDED from AndroidManifest.xml:94:9
	android:screenOrientation
		ADDED from AndroidManifest.xml:96:13
	android:theme
		ADDED from AndroidManifest.xml:97:13
	android:name
		ADDED from AndroidManifest.xml:95:13
activity#org.ei.telemedicine.view.activity.ReportIndicatorCaseListActivity
ADDED from AndroidManifest.xml:98:9
	android:screenOrientation
		ADDED from AndroidManifest.xml:100:13
	android:theme
		ADDED from AndroidManifest.xml:101:13
	android:name
		ADDED from AndroidManifest.xml:99:13
activity#org.ei.telemedicine.view.activity.EligibleCoupleDetailActivity
ADDED from AndroidManifest.xml:102:9
	android:screenOrientation
		ADDED from AndroidManifest.xml:104:13
	android:theme
		ADDED from AndroidManifest.xml:105:13
	android:name
		ADDED from AndroidManifest.xml:103:13
activity#org.ei.telemedicine.view.activity.ANCDetailActivity
ADDED from AndroidManifest.xml:106:9
	android:screenOrientation
		ADDED from AndroidManifest.xml:108:13
	android:theme
		ADDED from AndroidManifest.xml:109:13
	android:name
		ADDED from AndroidManifest.xml:107:13
activity#org.ei.telemedicine.view.activity.PNCDetailActivity
ADDED from AndroidManifest.xml:110:9
	android:screenOrientation
		ADDED from AndroidManifest.xml:112:13
	android:theme
		ADDED from AndroidManifest.xml:113:13
	android:name
		ADDED from AndroidManifest.xml:111:13
activity#org.ei.telemedicine.view.activity.ChildDetailActivity
ADDED from AndroidManifest.xml:114:9
	android:screenOrientation
		ADDED from AndroidManifest.xml:116:13
	android:theme
		ADDED from AndroidManifest.xml:117:13
	android:name
		ADDED from AndroidManifest.xml:115:13
activity#org.ei.telemedicine.view.activity.CameraLaunchActivity
ADDED from AndroidManifest.xml:118:9
	android:screenOrientation
		ADDED from AndroidManifest.xml:120:13
	android:theme
		ADDED from AndroidManifest.xml:121:13
	android:name
		ADDED from AndroidManifest.xml:119:13
activity#org.ei.telemedicine.view.activity.ECSmartRegisterActivity
ADDED from AndroidManifest.xml:122:9
	android:screenOrientation
		ADDED from AndroidManifest.xml:124:13
	android:theme
		ADDED from AndroidManifest.xml:125:13
	android:name
		ADDED from AndroidManifest.xml:123:13
activity#org.ei.telemedicine.view.activity.FPSmartRegisterActivity
ADDED from AndroidManifest.xml:126:9
	android:screenOrientation
		ADDED from AndroidManifest.xml:128:13
	android:theme
		ADDED from AndroidManifest.xml:129:13
	android:name
		ADDED from AndroidManifest.xml:127:13
activity#org.ei.telemedicine.view.activity.ANCSmartRegisterActivity
ADDED from AndroidManifest.xml:130:9
	android:screenOrientation
		ADDED from AndroidManifest.xml:132:13
	android:theme
		ADDED from AndroidManifest.xml:133:13
	android:name
		ADDED from AndroidManifest.xml:131:13
activity#org.ei.telemedicine.view.activity.PNCSmartRegisterActivity
ADDED from AndroidManifest.xml:134:9
	android:screenOrientation
		ADDED from AndroidManifest.xml:136:13
	android:theme
		ADDED from AndroidManifest.xml:137:13
	android:name
		ADDED from AndroidManifest.xml:135:13
activity#org.ei.telemedicine.view.activity.ChildSmartRegisterActivity
ADDED from AndroidManifest.xml:138:9
	android:screenOrientation
		ADDED from AndroidManifest.xml:140:13
	android:theme
		ADDED from AndroidManifest.xml:141:13
	android:name
		ADDED from AndroidManifest.xml:139:13
activity#org.ei.telemedicine.view.activity.FormActivity
ADDED from AndroidManifest.xml:142:9
	android:screenOrientation
		ADDED from AndroidManifest.xml:144:13
	android:theme
		ADDED from AndroidManifest.xml:145:13
	android:name
		ADDED from AndroidManifest.xml:143:13
activity#org.ei.telemedicine.view.activity.MicroFormActivity
ADDED from AndroidManifest.xml:146:9
	android:screenOrientation
		ADDED from AndroidManifest.xml:148:13
	android:theme
		ADDED from AndroidManifest.xml:149:13
	android:name
		ADDED from AndroidManifest.xml:147:13
activity#org.ei.telemedicine.view.activity.NativeECSmartRegisterActivity
ADDED from AndroidManifest.xml:150:9
	android:screenOrientation
		ADDED from AndroidManifest.xml:152:13
	android:theme
		ADDED from AndroidManifest.xml:153:13
	android:name
		ADDED from AndroidManifest.xml:151:13
activity#org.ei.telemedicine.view.activity.NativeChildSmartRegisterActivity
ADDED from AndroidManifest.xml:154:9
	android:screenOrientation
		ADDED from AndroidManifest.xml:156:13
	android:theme
		ADDED from AndroidManifest.xml:157:13
	android:name
		ADDED from AndroidManifest.xml:155:13
activity#org.ei.telemedicine.view.activity.NativeFPSmartRegisterActivity
ADDED from AndroidManifest.xml:158:9
	android:screenOrientation
		ADDED from AndroidManifest.xml:160:13
	android:theme
		ADDED from AndroidManifest.xml:161:13
	android:name
		ADDED from AndroidManifest.xml:159:13
activity#org.ei.telemedicine.view.activity.NativeANCSmartRegisterActivity
ADDED from AndroidManifest.xml:162:9
	android:screenOrientation
		ADDED from AndroidManifest.xml:164:13
	android:theme
		ADDED from AndroidManifest.xml:165:13
	android:name
		ADDED from AndroidManifest.xml:163:13
activity#org.ei.telemedicine.view.activity.NativePNCSmartRegisterActivity
ADDED from AndroidManifest.xml:166:9
	android:screenOrientation
		ADDED from AndroidManifest.xml:168:13
	android:theme
		ADDED from AndroidManifest.xml:169:13
	android:name
		ADDED from AndroidManifest.xml:167:13
activity#org.ei.telemedicine.view.activity.NativeHomeActivity
ADDED from AndroidManifest.xml:170:9
	android:screenOrientation
		ADDED from AndroidManifest.xml:172:13
	android:name
		ADDED from AndroidManifest.xml:171:13
activity#org.ei.telemedicine.view.activity.NativeSettingsActivity
ADDED from AndroidManifest.xml:175:9
	android:screenOrientation
		ADDED from AndroidManifest.xml:177:13
	android:name
		ADDED from AndroidManifest.xml:176:13
activity#org.ei.telemedicine.bluetooth.BlueToothInfoActivity
ADDED from AndroidManifest.xml:179:9
	android:screenOrientation
		ADDED from AndroidManifest.xml:181:13
	android:windowSoftInputMode
		ADDED from AndroidManifest.xml:182:13
	android:name
		ADDED from AndroidManifest.xml:180:13
activity#org.ei.telemedicine.doctor.DoctorANCScreenActivity
ADDED from AndroidManifest.xml:183:9
	android:screenOrientation
		ADDED from AndroidManifest.xml:185:13
	android:name
		ADDED from AndroidManifest.xml:184:13
activity#org.ei.telemedicine.doctor.DoctorPNCScreenActivity
ADDED from AndroidManifest.xml:186:9
	android:screenOrientation
		ADDED from AndroidManifest.xml:188:13
	android:name
		ADDED from AndroidManifest.xml:187:13
activity#org.ei.telemedicine.doctor.DoctorChildScreenActivity
ADDED from AndroidManifest.xml:189:9
	android:screenOrientation
		ADDED from AndroidManifest.xml:191:13
	android:name
		ADDED from AndroidManifest.xml:190:13
activity#org.ei.telemedicine.doctor.DoctorPlanofCareActivity
ADDED from AndroidManifest.xml:193:9
	android:screenOrientation
		ADDED from AndroidManifest.xml:195:13
	android:name
		ADDED from AndroidManifest.xml:194:13
activity#org.ei.telemedicine.view.activity.ViewPlanOfCareActivity
ADDED from AndroidManifest.xml:196:9
	android:screenOrientation
		ADDED from AndroidManifest.xml:198:13
	android:name
		ADDED from AndroidManifest.xml:197:13
activity#org.ei.telemedicine.doctor.NativeDoctorActivity
ADDED from AndroidManifest.xml:200:9
	android:screenOrientation
		ADDED from AndroidManifest.xml:202:13
	android:theme
		ADDED from AndroidManifest.xml:203:13
	android:name
		ADDED from AndroidManifest.xml:201:13
activity#org.ei.telemedicine.view.activity.NativeOverviewActivity
ADDED from AndroidManifest.xml:204:9
	android:screenOrientation
		ADDED from AndroidManifest.xml:206:13
	android:theme
		ADDED from AndroidManifest.xml:207:13
	android:name
		ADDED from AndroidManifest.xml:205:13
activity#org.ei.telemedicine.doctor.NativeGraphActivity
ADDED from AndroidManifest.xml:208:9
	android:screenOrientation
		ADDED from AndroidManifest.xml:210:13
	android:name
		ADDED from AndroidManifest.xml:209:13
activity#org.ei.telemedicine.view.activity.NativeANMPlanofCareActivity
ADDED from AndroidManifest.xml:211:9
	android:theme
		ADDED from AndroidManifest.xml:213:13
	android:name
		ADDED from AndroidManifest.xml:212:13
receiver#org.ei.telemedicine.view.receiver.SyncBroadcastReceiver
ADDED from AndroidManifest.xml:215:9
	android:name
		ADDED from AndroidManifest.xml:215:19
receiver#org.ei.telemedicine.view.receiver.ConnectivityChangeReceiver
ADDED from AndroidManifest.xml:216:9
	android:name
		ADDED from AndroidManifest.xml:216:19
intent-filter#android.net.conn.CONNECTIVITY_CHANGE
ADDED from AndroidManifest.xml:217:13
action#android.net.conn.CONNECTIVITY_CHANGE
ADDED from AndroidManifest.xml:218:17
	android:name
		ADDED from AndroidManifest.xml:218:25